<?xml version="1.0" encoding="UTF-8"?>
<testsuite name="cl.uchile.dcc.citricliquid.model.units.BossTest" tests="3" skipped="0" failures="0" errors="0" timestamp="2022-06-08T02:36:25" hostname="LAPTOP-N0LU7L34" time="0.025">
  <properties/>
  <testcase name="starsTest()" classname="cl.uchile.dcc.citricliquid.model.units.BossTest" time="0.02"/>
  <testcase name="constructorTest()" classname="cl.uchile.dcc.citricliquid.model.units.BossTest" time="0.003"/>
  <testcase name="hitPointsTest()" classname="cl.uchile.dcc.citricliquid.model.units.BossTest" time="0.001"/>
  <system-out><![CDATA[]]></system-out>
  <system-err><![CDATA[]]></system-err>
</testsuite>
